<?xml version="1.0" encoding="UTF-8"?>
<testng-results skipped="0" failed="0" ignored="0" total="1" passed="1">
  <reporter-output>
  </reporter-output>
  <suite name="Default suite" duration-ms="3214" started-at="2018-11-19T04:28:26Z" finished-at="2018-11-19T04:28:29Z">
    <groups>
    </groups>
    <test name="Default test" duration-ms="3214" started-at="2018-11-19T04:28:26Z" finished-at="2018-11-19T04:28:29Z">
      <class name="com.bold.RestAssuredLearning.Rough.TestApi">
        <test-method status="PASS" signature="beforeMethod()[pri:0, instance:com.bold.RestAssuredLearning.Rough.TestApi@ae45eb6]" name="beforeMethod" is-config="true" duration-ms="272" started-at="2018-11-19T04:28:26Z" finished-at="2018-11-19T04:28:26Z">
          <reporter-output>
          </reporter-output>
        </test-method> <!-- beforeMethod -->
        <test-method status="PASS" signature="verifyCreateACustomer()[pri:0, instance:com.bold.RestAssuredLearning.Rough.TestApi@ae45eb6]" name="verifyCreateACustomer" duration-ms="2926" started-at="2018-11-19T04:28:26Z" finished-at="2018-11-19T04:28:29Z">
          <reporter-output>
          </reporter-output>
        </test-method> <!-- verifyCreateACustomer -->
      </class> <!-- com.bold.RestAssuredLearning.Rough.TestApi -->
    </test> <!-- Default test -->
  </suite> <!-- Default suite -->
</testng-results>
